<?xml version="1.0" encoding="UTF-8"?>
<coverage generated="1636058925599" clover="3.2.0">
  <project timestamp="1636058925599" name="All files">
    <metrics statements="97" coveredstatements="90" conditionals="26" coveredconditionals="21" methods="15" coveredmethods="15" elements="138" coveredelements="126" complexity="0" loc="97" ncloc="97" packages="3" files="5" classes="5"/>
    <package name="src">
      <metrics statements="4" coveredstatements="4" conditionals="0" coveredconditionals="0" methods="3" coveredmethods="3"/>
      <file name="ToDoList.js" path="/Users/apple/Desktop/microverse-project/javascript-projects/Reafeal-todolist/ToDoList/src/ToDoList.js">
        <metrics statements="4" coveredstatements="4" conditionals="0" coveredconditionals="0" methods="3" coveredmethods="3"/>
        <line num="1" count="4" type="stmt"/>
        <line num="6" count="156" type="stmt"/>
        <line num="10" count="38" type="stmt"/>
        <line num="14" count="33" type="stmt"/>
      </file>
    </package>
    <package name="src.tests.Part1">
      <metrics statements="62" coveredstatements="55" conditionals="18" coveredconditionals="13" methods="10" coveredmethods="10"/>
      <file name="AddTask.js" path="/Users/apple/Desktop/microverse-project/javascript-projects/Reafeal-todolist/ToDoList/src/tests/Part1/AddTask.js">
        <metrics statements="20" coveredstatements="20" conditionals="4" coveredconditionals="4" methods="4" coveredmethods="4"/>
        <line num="3" count="4" type="stmt"/>
        <line num="4" count="4" type="stmt"/>
        <line num="6" count="4" type="stmt"/>
        <line num="7" count="47" type="stmt"/>
        <line num="8" count="28" type="stmt"/>
        <line num="9" count="28" type="stmt"/>
        <line num="12" count="4" type="stmt"/>
        <line num="13" count="45" type="stmt"/>
        <line num="15" count="45" type="cond" truecount="2" falsecount="0"/>
        <line num="16" count="28" type="stmt"/>
        <line num="18" count="17" type="stmt"/>
        <line num="21" count="45" type="cond" truecount="2" falsecount="0"/>
        <line num="22" count="38" type="stmt"/>
        <line num="23" count="38" type="stmt"/>
        <line num="25" count="38" type="stmt"/>
        <line num="36" count="38" type="stmt"/>
        <line num="38" count="38" type="stmt"/>
        <line num="46" count="38" type="stmt"/>
        <line num="50" count="38" type="stmt"/>
        <line num="53" count="7" type="stmt"/>
      </file>
      <file name="removeTasks.js" path="/Users/apple/Desktop/microverse-project/javascript-projects/Reafeal-todolist/ToDoList/src/tests/Part1/removeTasks.js">
        <metrics statements="42" coveredstatements="35" conditionals="14" coveredconditionals="9" methods="6" coveredmethods="6"/>
        <line num="4" count="1" type="stmt"/>
        <line num="5" count="1" type="stmt"/>
        <line num="7" count="1" type="stmt"/>
        <line num="8" count="7" type="stmt"/>
        <line num="10" count="3" type="cond" truecount="2" falsecount="0"/>
        <line num="11" count="7" type="stmt"/>
        <line num="13" count="2" type="stmt"/>
        <line num="14" count="2" type="stmt"/>
        <line num="15" count="2" type="stmt"/>
        <line num="17" count="2" type="stmt"/>
        <line num="28" count="2" type="stmt"/>
        <line num="30" count="2" type="stmt"/>
        <line num="31" count="2" type="stmt"/>
        <line num="34" count="2" type="stmt"/>
        <line num="35" count="2" type="stmt"/>
        <line num="37" count="2" type="cond" truecount="1" falsecount="1"/>
        <line num="38" count="0" type="stmt"/>
        <line num="43" count="1" type="stmt"/>
        <line num="44" count="3" type="cond" truecount="2" falsecount="0"/>
        <line num="45" count="2" type="stmt"/>
        <line num="46" count="2" type="stmt"/>
        <line num="47" count="5" type="stmt"/>
        <line num="49" count="2" type="stmt"/>
        <line num="50" count="2" type="stmt"/>
        <line num="51" count="3" type="stmt"/>
        <line num="53" count="3" type="stmt"/>
        <line num="63" count="3" type="stmt"/>
        <line num="66" count="2" type="cond" truecount="1" falsecount="1"/>
        <line num="67" count="2" type="stmt"/>
        <line num="68" count="3" type="stmt"/>
        <line num="69" count="2" type="cond" truecount="1" falsecount="1"/>
        <line num="70" count="0" type="stmt"/>
        <line num="71" count="0" type="stmt"/>
        <line num="73" count="2" type="stmt"/>
        <line num="74" count="2" type="stmt"/>
        <line num="77" count="2" type="stmt"/>
        <line num="81" count="2" type="stmt"/>
        <line num="83" count="0" type="stmt"/>
        <line num="84" count="0" type="stmt"/>
        <line num="85" count="0" type="stmt"/>
        <line num="89" count="0" type="stmt"/>
        <line num="91" count="1" type="stmt"/>
      </file>
    </package>
    <package name="src.tests.Part2">
      <metrics statements="31" coveredstatements="31" conditionals="8" coveredconditionals="8" methods="2" coveredmethods="2"/>
      <file name="completeTask.js" path="/Users/apple/Desktop/microverse-project/javascript-projects/Reafeal-todolist/ToDoList/src/tests/Part2/completeTask.js">
        <metrics statements="22" coveredstatements="22" conditionals="6" coveredconditionals="6" methods="1" coveredmethods="1"/>
        <line num="3" count="1" type="stmt"/>
        <line num="4" count="7" type="stmt"/>
        <line num="5" count="7" type="stmt"/>
        <line num="6" count="7" type="stmt"/>
        <line num="7" count="7" type="stmt"/>
        <line num="8" count="7" type="cond" truecount="2" falsecount="0"/>
        <line num="9" count="4" type="stmt"/>
        <line num="10" count="4" type="stmt"/>
        <line num="12" count="4" type="stmt"/>
        <line num="13" count="12" type="cond" truecount="2" falsecount="0"/>
        <line num="14" count="4" type="stmt"/>
        <line num="15" count="4" type="stmt"/>
        <line num="17" count="8" type="stmt"/>
        <line num="20" count="4" type="stmt"/>
        <line num="22" count="3" type="stmt"/>
        <line num="23" count="3" type="stmt"/>
        <line num="24" count="3" type="stmt"/>
        <line num="25" count="12" type="cond" truecount="2" falsecount="0"/>
        <line num="26" count="3" type="stmt"/>
        <line num="27" count="3" type="stmt"/>
        <line num="29" count="9" type="stmt"/>
        <line num="32" count="3" type="stmt"/>
      </file>
      <file name="editTask.js" path="/Users/apple/Desktop/microverse-project/javascript-projects/Reafeal-todolist/ToDoList/src/tests/Part2/editTask.js">
        <metrics statements="9" coveredstatements="9" conditionals="2" coveredconditionals="2" methods="1" coveredmethods="1"/>
        <line num="3" count="2" type="stmt"/>
        <line num="4" count="4" type="stmt"/>
        <line num="6" count="4" type="stmt"/>
        <line num="8" count="4" type="cond" truecount="2" falsecount="0"/>
        <line num="9" count="3" type="stmt"/>
        <line num="10" count="3" type="stmt"/>
        <line num="12" count="3" type="stmt"/>
        <line num="15" count="3" type="stmt"/>
        <line num="20" count="4" type="stmt"/>
      </file>
    </package>
  </project>
</coverage>
