{"/Users/apple/Desktop/microverse-project/javascript-projects/Reafeal-todolist/ToDoList/src/ToDoList.js": {"path":"/Users/apple/Desktop/microverse-project/javascript-projects/Reafeal-todolist/ToDoList/src/ToDoList.js","statementMap":{"0":{"start":{"line":1,"column":17},"end":{"line":17,"column":1}},"1":{"start":{"line":6,"column":4},"end":{"line":6,"column":21}},"2":{"start":{"line":10,"column":4},"end":{"line":10,"column":28}},"3":{"start":{"line":14,"column":4},"end":{"line":14,"column":22}}},"fnMap":{"0":{"name":"(anonymous_0)","decl":{"start":{"line":5,"column":2},"end":{"line":5,"column":3}},"loc":{"start":{"line":5,"column":21},"end":{"line":7,"column":3}},"line":5},"1":{"name":"(anonymous_1)","decl":{"start":{"line":9,"column":2},"end":{"line":9,"column":3}},"loc":{"start":{"line":9,"column":27},"end":{"line":11,"column":3}},"line":9},"2":{"name":"(anonymous_2)","decl":{"start":{"line":13,"column":2},"end":{"line":13,"column":3}},"loc":{"start":{"line":13,"column":22},"end":{"line":15,"column":3}},"line":13}},"branchMap":{},"s":{"0":4,"1":174,"2":41,"3":35},"f":{"0":174,"1":41,"2":35},"b":{},"_coverageSchema":"1a1c01bbd47fc00a2c39e90264f33305004495a9","hash":"5002795e8d4ccfb8ece24701c42aea9c8f08944c"}
,"/Users/apple/Desktop/microverse-project/javascript-projects/Reafeal-todolist/ToDoList/src/tests/Part1/AddTask.js": {"path":"/Users/apple/Desktop/microverse-project/javascript-projects/Reafeal-todolist/ToDoList/src/tests/Part1/AddTask.js","statementMap":{"0":{"start":{"line":3,"column":14},"end":{"line":3,"column":59}},"1":{"start":{"line":4,"column":22},"end":{"line":4,"column":61}},"2":{"start":{"line":6,"column":19},"end":{"line":10,"column":1}},"3":{"start":{"line":7,"column":14},"end":{"line":7,"column":48}},"4":{"start":{"line":7,"column":37},"end":{"line":7,"column":47}},"5":{"start":{"line":8,"column":17},"end":{"line":8,"column":42}},"6":{"start":{"line":8,"column":36},"end":{"line":8,"column":41}},"7":{"start":{"line":9,"column":2},"end":{"line":9,"column":39}},"8":{"start":{"line":12,"column":22},"end":{"line":54,"column":1}},"9":{"start":{"line":13,"column":21},"end":{"line":13,"column":36}},"10":{"start":{"line":15,"column":2},"end":{"line":19,"column":3}},"11":{"start":{"line":16,"column":4},"end":{"line":16,"column":43}},"12":{"start":{"line":18,"column":4},"end":{"line":18,"column":11}},"13":{"start":{"line":21,"column":2},"end":{"line":51,"column":3}},"14":{"start":{"line":22,"column":4},"end":{"line":22,"column":36}},"15":{"start":{"line":23,"column":4},"end":{"line":23,"column":32}},"16":{"start":{"line":25,"column":20},"end":{"line":34,"column":15}},"17":{"start":{"line":36,"column":4},"end":{"line":36,"column":59}},"18":{"start":{"line":38,"column":4},"end":{"line":42,"column":6}},"19":{"start":{"line":46,"column":4},"end":{"line":48,"column":7}},"20":{"start":{"line":50,"column":4},"end":{"line":50,"column":23}},"21":{"start":{"line":53,"column":2},"end":{"line":53,"column":19}}},"fnMap":{"0":{"name":"(anonymous_0)","decl":{"start":{"line":6,"column":19},"end":{"line":6,"column":20}},"loc":{"start":{"line":6,"column":33},"end":{"line":10,"column":1}},"line":6},"1":{"name":"(anonymous_1)","decl":{"start":{"line":7,"column":27},"end":{"line":7,"column":28}},"loc":{"start":{"line":7,"column":37},"end":{"line":7,"column":47}},"line":7},"2":{"name":"(anonymous_2)","decl":{"start":{"line":8,"column":26},"end":{"line":8,"column":27}},"loc":{"start":{"line":8,"column":36},"end":{"line":8,"column":41}},"line":8},"3":{"name":"(anonymous_3)","decl":{"start":{"line":12,"column":22},"end":{"line":12,"column":23}},"loc":{"start":{"line":12,"column":28},"end":{"line":54,"column":1}},"line":12}},"branchMap":{"0":{"loc":{"start":{"line":15,"column":2},"end":{"line":19,"column":3}},"type":"if","locations":[{"start":{"line":15,"column":2},"end":{"line":19,"column":3}},{"start":{"line":17,"column":9},"end":{"line":19,"column":3}}],"line":15},"1":{"loc":{"start":{"line":21,"column":2},"end":{"line":51,"column":3}},"type":"if","locations":[{"start":{"line":21,"column":2},"end":{"line":51,"column":3}},{"start":{},"end":{}}],"line":21}},"s":{"0":4,"1":4,"2":4,"3":30,"4":50,"5":30,"6":20,"7":30,"8":4,"9":48,"10":48,"11":30,"12":18,"13":48,"14":41,"15":41,"16":41,"17":41,"18":41,"19":41,"20":41,"21":7},"f":{"0":30,"1":50,"2":20,"3":48},"b":{"0":[30,18],"1":[41,7]},"_coverageSchema":"1a1c01bbd47fc00a2c39e90264f33305004495a9","hash":"797bbc234ac964195c69053f7cd9dcf5dc38b783"}
,"/Users/apple/Desktop/microverse-project/javascript-projects/Reafeal-todolist/ToDoList/src/tests/Part1/removeTasks.js": {"path":"/Users/apple/Desktop/microverse-project/javascript-projects/Reafeal-todolist/ToDoList/src/tests/Part1/removeTasks.js","statementMap":{"0":{"start":{"line":4,"column":20},"end":{"line":4,"column":59}},"1":{"start":{"line":5,"column":22},"end":{"line":5,"column":61}},"2":{"start":{"line":7,"column":36},"end":{"line":41,"column":1}},"3":{"start":{"line":8,"column":25},"end":{"line":8,"column":88}},"4":{"start":{"line":8,"column":64},"end":{"line":8,"column":87}},"5":{"start":{"line":10,"column":2},"end":{"line":40,"column":3}},"6":{"start":{"line":11,"column":21},"end":{"line":11,"column":85}},"7":{"start":{"line":11,"column":60},"end":{"line":11,"column":84}},"8":{"start":{"line":13,"column":4},"end":{"line":13,"column":33}},"9":{"start":{"line":14,"column":4},"end":{"line":29,"column":5}},"10":{"start":{"line":14,"column":17},"end":{"line":14,"column":18}},"11":{"start":{"line":15,"column":6},"end":{"line":15,"column":28}},"12":{"start":{"line":17,"column":22},"end":{"line":26,"column":13}},"13":{"start":{"line":28,"column":6},"end":{"line":28,"column":61}},"14":{"start":{"line":30,"column":4},"end":{"line":30,"column":33}},"15":{"start":{"line":31,"column":4},"end":{"line":33,"column":7}},"16":{"start":{"line":34,"column":4},"end":{"line":34,"column":49}},"17":{"start":{"line":35,"column":4},"end":{"line":35,"column":49}},"18":{"start":{"line":37,"column":4},"end":{"line":39,"column":5}},"19":{"start":{"line":38,"column":6},"end":{"line":38,"column":41}},"20":{"start":{"line":43,"column":22},"end":{"line":92,"column":1}},"21":{"start":{"line":44,"column":2},"end":{"line":90,"column":3}},"22":{"start":{"line":45,"column":28},"end":{"line":45,"column":62}},"23":{"start":{"line":46,"column":4},"end":{"line":46,"column":29}},"24":{"start":{"line":47,"column":21},"end":{"line":47,"column":78}},"25":{"start":{"line":47,"column":60},"end":{"line":47,"column":77}},"26":{"start":{"line":49,"column":4},"end":{"line":49,"column":33}},"27":{"start":{"line":50,"column":4},"end":{"line":64,"column":5}},"28":{"start":{"line":50,"column":17},"end":{"line":50,"column":18}},"29":{"start":{"line":51,"column":6},"end":{"line":51,"column":28}},"30":{"start":{"line":53,"column":22},"end":{"line":61,"column":13}},"31":{"start":{"line":63,"column":6},"end":{"line":63,"column":61}},"32":{"start":{"line":66,"column":4},"end":{"line":82,"column":5}},"33":{"start":{"line":67,"column":6},"end":{"line":67,"column":35}},"34":{"start":{"line":68,"column":34},"end":{"line":68,"column":84}},"35":{"start":{"line":68,"column":60},"end":{"line":68,"column":83}},"36":{"start":{"line":69,"column":6},"end":{"line":75,"column":7}},"37":{"start":{"line":70,"column":8},"end":{"line":70,"column":56}},"38":{"start":{"line":71,"column":8},"end":{"line":71,"column":50}},"39":{"start":{"line":73,"column":8},"end":{"line":73,"column":53}},"40":{"start":{"line":74,"column":8},"end":{"line":74,"column":53}},"41":{"start":{"line":77,"column":6},"end":{"line":79,"column":9}},"42":{"start":{"line":81,"column":6},"end":{"line":81,"column":35}},"43":{"start":{"line":83,"column":4},"end":{"line":83,"column":27}},"44":{"start":{"line":84,"column":4},"end":{"line":84,"column":39}},"45":{"start":{"line":85,"column":4},"end":{"line":87,"column":7}},"46":{"start":{"line":89,"column":4},"end":{"line":89,"column":21}},"47":{"start":{"line":91,"column":2},"end":{"line":91,"column":19}}},"fnMap":{"0":{"name":"(anonymous_0)","decl":{"start":{"line":7,"column":36},"end":{"line":7,"column":37}},"loc":{"start":{"line":7,"column":42},"end":{"line":41,"column":1}},"line":7},"1":{"name":"(anonymous_1)","decl":{"start":{"line":8,"column":54},"end":{"line":8,"column":55}},"loc":{"start":{"line":8,"column":64},"end":{"line":8,"column":87}},"line":8},"2":{"name":"(anonymous_2)","decl":{"start":{"line":11,"column":50},"end":{"line":11,"column":51}},"loc":{"start":{"line":11,"column":60},"end":{"line":11,"column":84}},"line":11},"3":{"name":"(anonymous_3)","decl":{"start":{"line":43,"column":22},"end":{"line":43,"column":23}},"loc":{"start":{"line":43,"column":30},"end":{"line":92,"column":1}},"line":43},"4":{"name":"(anonymous_4)","decl":{"start":{"line":47,"column":50},"end":{"line":47,"column":51}},"loc":{"start":{"line":47,"column":60},"end":{"line":47,"column":77}},"line":47},"5":{"name":"(anonymous_5)","decl":{"start":{"line":68,"column":50},"end":{"line":68,"column":51}},"loc":{"start":{"line":68,"column":60},"end":{"line":68,"column":83}},"line":68}},"branchMap":{"0":{"loc":{"start":{"line":10,"column":2},"end":{"line":40,"column":3}},"type":"if","locations":[{"start":{"line":10,"column":2},"end":{"line":40,"column":3}},{"start":{},"end":{}}],"line":10},"1":{"loc":{"start":{"line":37,"column":4},"end":{"line":39,"column":5}},"type":"if","locations":[{"start":{"line":37,"column":4},"end":{"line":39,"column":5}},{"start":{},"end":{}}],"line":37},"2":{"loc":{"start":{"line":44,"column":2},"end":{"line":90,"column":3}},"type":"if","locations":[{"start":{"line":44,"column":2},"end":{"line":90,"column":3}},{"start":{},"end":{}}],"line":44},"3":{"loc":{"start":{"line":55,"column":35},"end":{"line":55,"column":73}},"type":"cond-expr","locations":[{"start":{"line":55,"column":59},"end":{"line":55,"column":68}},{"start":{"line":55,"column":71},"end":{"line":55,"column":73}}],"line":55},"4":{"loc":{"start":{"line":56,"column":86},"end":{"line":56,"column":167}},"type":"cond-expr","locations":[{"start":{"line":56,"column":110},"end":{"line":56,"column":162}},{"start":{"line":56,"column":165},"end":{"line":56,"column":167}}],"line":56},"5":{"loc":{"start":{"line":66,"column":4},"end":{"line":82,"column":5}},"type":"if","locations":[{"start":{"line":66,"column":4},"end":{"line":82,"column":5}},{"start":{},"end":{}}],"line":66},"6":{"loc":{"start":{"line":69,"column":6},"end":{"line":75,"column":7}},"type":"if","locations":[{"start":{"line":69,"column":6},"end":{"line":75,"column":7}},{"start":{"line":72,"column":13},"end":{"line":75,"column":7}}],"line":69}},"s":{"0":1,"1":1,"2":1,"3":3,"4":7,"5":3,"6":2,"7":7,"8":2,"9":2,"10":2,"11":2,"12":2,"13":2,"14":2,"15":2,"16":2,"17":2,"18":2,"19":0,"20":1,"21":3,"22":2,"23":2,"24":2,"25":5,"26":2,"27":2,"28":2,"29":3,"30":3,"31":3,"32":2,"33":2,"34":2,"35":3,"36":2,"37":0,"38":0,"39":2,"40":2,"41":2,"42":2,"43":0,"44":0,"45":0,"46":0,"47":1},"f":{"0":3,"1":7,"2":7,"3":3,"4":5,"5":3},"b":{"0":[2,1],"1":[0,2],"2":[2,1],"3":[0,3],"4":[0,3],"5":[2,0],"6":[0,2]},"_coverageSchema":"1a1c01bbd47fc00a2c39e90264f33305004495a9","hash":"939112b0085ac3e1b63a058e73f25ce8da086ccc"}
,"/Users/apple/Desktop/microverse-project/javascript-projects/Reafeal-todolist/ToDoList/src/tests/Part2/completeTask.js": {"path":"/Users/apple/Desktop/microverse-project/javascript-projects/Reafeal-todolist/ToDoList/src/tests/Part2/completeTask.js","statementMap":{"0":{"start":{"line":3,"column":22},"end":{"line":37,"column":1}},"1":{"start":{"line":4,"column":23},"end":{"line":4,"column":72}},"2":{"start":{"line":5,"column":2},"end":{"line":5,"column":66}},"3":{"start":{"line":6,"column":16},"end":{"line":6,"column":37}},"4":{"start":{"line":7,"column":26},"end":{"line":7,"column":28}},"5":{"start":{"line":8,"column":2},"end":{"line":33,"column":3}},"6":{"start":{"line":9,"column":4},"end":{"line":9,"column":55}},"7":{"start":{"line":10,"column":4},"end":{"line":10,"column":38}},"8":{"start":{"line":12,"column":4},"end":{"line":19,"column":5}},"9":{"start":{"line":12,"column":17},"end":{"line":12,"column":18}},"10":{"start":{"line":13,"column":6},"end":{"line":18,"column":7}},"11":{"start":{"line":14,"column":8},"end":{"line":14,"column":34}},"12":{"start":{"line":15,"column":8},"end":{"line":15,"column":39}},"13":{"start":{"line":17,"column":8},"end":{"line":17,"column":39}},"14":{"start":{"line":20,"column":4},"end":{"line":20,"column":40}},"15":{"start":{"line":22,"column":4},"end":{"line":22,"column":47}},"16":{"start":{"line":23,"column":4},"end":{"line":23,"column":39}},"17":{"start":{"line":24,"column":4},"end":{"line":31,"column":5}},"18":{"start":{"line":24,"column":17},"end":{"line":24,"column":18}},"19":{"start":{"line":25,"column":6},"end":{"line":30,"column":7}},"20":{"start":{"line":26,"column":8},"end":{"line":26,"column":35}},"21":{"start":{"line":27,"column":8},"end":{"line":27,"column":39}},"22":{"start":{"line":29,"column":8},"end":{"line":29,"column":39}},"23":{"start":{"line":32,"column":4},"end":{"line":32,"column":40}},"24":{"start":{"line":34,"column":2},"end":{"line":36,"column":5}}},"fnMap":{"0":{"name":"(anonymous_0)","decl":{"start":{"line":3,"column":22},"end":{"line":3,"column":23}},"loc":{"start":{"line":3,"column":39},"end":{"line":37,"column":1}},"line":3}},"branchMap":{"0":{"loc":{"start":{"line":8,"column":2},"end":{"line":33,"column":3}},"type":"if","locations":[{"start":{"line":8,"column":2},"end":{"line":33,"column":3}},{"start":{"line":21,"column":9},"end":{"line":33,"column":3}}],"line":8},"1":{"loc":{"start":{"line":13,"column":6},"end":{"line":18,"column":7}},"type":"if","locations":[{"start":{"line":13,"column":6},"end":{"line":18,"column":7}},{"start":{"line":16,"column":13},"end":{"line":18,"column":7}}],"line":13},"2":{"loc":{"start":{"line":25,"column":6},"end":{"line":30,"column":7}},"type":"if","locations":[{"start":{"line":25,"column":6},"end":{"line":30,"column":7}},{"start":{"line":28,"column":13},"end":{"line":30,"column":7}}],"line":25}},"s":{"0":1,"1":8,"2":8,"3":8,"4":8,"5":8,"6":5,"7":5,"8":5,"9":5,"10":15,"11":5,"12":5,"13":10,"14":5,"15":3,"16":3,"17":3,"18":3,"19":12,"20":3,"21":3,"22":9,"23":3,"24":8},"f":{"0":8},"b":{"0":[5,3],"1":[5,10],"2":[3,9]},"_coverageSchema":"1a1c01bbd47fc00a2c39e90264f33305004495a9","hash":"f803997b812591ed7c0c291565e17bb231bb7d9b"}
,"/Users/apple/Desktop/microverse-project/javascript-projects/Reafeal-todolist/ToDoList/src/tests/Part2/editTask.js": {"path":"/Users/apple/Desktop/microverse-project/javascript-projects/Reafeal-todolist/ToDoList/src/tests/Part2/editTask.js","statementMap":{"0":{"start":{"line":3,"column":23},"end":{"line":21,"column":1}},"1":{"start":{"line":4,"column":22},"end":{"line":4,"column":71}},"2":{"start":{"line":6,"column":18},"end":{"line":6,"column":35}},"3":{"start":{"line":8,"column":2},"end":{"line":18,"column":3}},"4":{"start":{"line":9,"column":25},"end":{"line":9,"column":46}},"5":{"start":{"line":10,"column":4},"end":{"line":10,"column":43}},"6":{"start":{"line":12,"column":4},"end":{"line":12,"column":37}},"7":{"start":{"line":15,"column":4},"end":{"line":17,"column":7}},"8":{"start":{"line":20,"column":2},"end":{"line":20,"column":19}}},"fnMap":{"0":{"name":"(anonymous_0)","decl":{"start":{"line":3,"column":23},"end":{"line":3,"column":24}},"loc":{"start":{"line":3,"column":31},"end":{"line":21,"column":1}},"line":3}},"branchMap":{"0":{"loc":{"start":{"line":8,"column":2},"end":{"line":18,"column":3}},"type":"if","locations":[{"start":{"line":8,"column":2},"end":{"line":18,"column":3}},{"start":{},"end":{}}],"line":8}},"s":{"0":1,"1":4,"2":4,"3":4,"4":3,"5":3,"6":3,"7":3,"8":4},"f":{"0":4},"b":{"0":[3,1]},"_coverageSchema":"1a1c01bbd47fc00a2c39e90264f33305004495a9","hash":"517a1a4093118adacd663c48582d40d3704dae15"}
}
