TN:
SF:src\ToDoList.js
FN:5,(anonymous_0)
FN:9,(anonymous_1)
FN:13,(anonymous_2)
FNF:3
FNH:3
FNDA:68,(anonymous_0)
FNDA:15,(anonymous_1)
FNDA:11,(anonymous_2)
DA:1,2
DA:6,68
DA:10,15
DA:14,11
LF:4
LH:4
BRF:0
BRH:0
end_of_record
TN:
SF:src\tests\Part1\AddTask.js
FN:6,(anonymous_0)
FN:7,(anonymous_1)
FN:8,(anonymous_2)
FN:12,(anonymous_3)
FNF:4
FNH:4
FNDA:15,(anonymous_0)
FNDA:28,(anonymous_1)
FNDA:13,(anonymous_2)
FNDA:22,(anonymous_3)
DA:3,2
DA:4,2
DA:6,2
DA:7,28
DA:8,15
DA:9,15
DA:12,2
DA:13,22
DA:15,22
DA:16,15
DA:18,7
DA:21,22
DA:22,15
DA:23,15
DA:25,15
DA:36,15
DA:38,15
DA:46,15
DA:50,15
DA:53,7
LF:20
LH:20
BRDA:15,0,0,15
BRDA:15,0,1,7
BRDA:21,1,0,15
BRDA:21,1,1,7
BRF:4
BRH:4
end_of_record
TN:
SF:src\tests\Part1\removeTasks.js
FN:7,(anonymous_0)
FN:8,(anonymous_1)
FN:11,(anonymous_2)
FN:43,(anonymous_3)
FN:47,(anonymous_4)
FN:68,(anonymous_5)
FNF:6
FNH:6
FNDA:2,(anonymous_0)
FNDA:4,(anonymous_1)
FNDA:4,(anonymous_2)
FNDA:2,(anonymous_3)
FNDA:2,(anonymous_4)
FNDA:1,(anonymous_5)
DA:4,1
DA:5,1
DA:7,1
DA:8,4
DA:10,2
DA:11,4
DA:13,1
DA:14,1
DA:15,1
DA:17,1
DA:28,1
DA:30,1
DA:31,1
DA:34,1
DA:35,1
DA:37,1
DA:38,0
DA:43,1
DA:44,2
DA:45,1
DA:46,1
DA:47,2
DA:49,1
DA:50,1
DA:51,1
DA:53,1
DA:63,1
DA:66,1
DA:67,1
DA:68,1
DA:69,1
DA:70,0
DA:71,0
DA:73,1
DA:74,1
DA:77,1
DA:81,1
DA:83,0
DA:84,0
DA:85,0
DA:89,0
DA:91,1
LF:42
LH:35
BRDA:10,0,0,1
BRDA:10,0,1,1
BRDA:37,1,0,0
BRDA:37,1,1,1
BRDA:44,2,0,1
BRDA:44,2,1,1
BRDA:55,3,0,0
BRDA:55,3,1,1
BRDA:56,4,0,0
BRDA:56,4,1,1
BRDA:66,5,0,1
BRDA:66,5,1,0
BRDA:69,6,0,0
BRDA:69,6,1,1
BRF:14
BRH:9
end_of_record
