TN:
SF:src/ToDoList.js
FN:5,(anonymous_0)
FN:9,(anonymous_1)
FN:13,(anonymous_2)
FNF:3
FNH:3
FNDA:99,(anonymous_0)
FNDA:23,(anonymous_1)
FNDA:16,(anonymous_2)
DA:1,2
DA:6,99
DA:10,23
DA:14,16
LF:4
LH:4
BRF:0
BRH:0
end_of_record
TN:
SF:src/tests/Part1/AddTask.js
FN:6,(anonymous_0)
FN:7,(anonymous_1)
FN:8,(anonymous_2)
FN:12,(anonymous_3)
FNF:4
FNH:4
FNDA:20,(anonymous_0)
FNDA:37,(anonymous_1)
FNDA:17,(anonymous_2)
FNDA:30,(anonymous_3)
DA:3,2
DA:4,2
DA:6,2
DA:7,37
DA:8,20
DA:9,20
DA:12,2
DA:13,30
DA:15,30
DA:16,20
DA:18,10
DA:21,30
DA:22,23
DA:23,23
DA:25,23
DA:36,23
DA:38,23
DA:46,23
DA:50,23
DA:53,7
LF:20
LH:20
BRDA:15,0,0,20
BRDA:15,0,1,10
BRDA:21,1,0,23
BRDA:21,1,1,7
BRF:4
BRH:4
end_of_record
TN:
SF:src/tests/Part1/removeTasks.js
FN:7,(anonymous_0)
FN:8,(anonymous_1)
FN:11,(anonymous_2)
FN:43,(anonymous_3)
FN:47,(anonymous_4)
FN:68,(anonymous_5)
FNF:6
FNH:6
FNDA:4,(anonymous_0)
FNDA:9,(anonymous_1)
FNDA:8,(anonymous_2)
FNDA:3,(anonymous_3)
FNDA:5,(anonymous_4)
FNDA:3,(anonymous_5)
DA:4,1
DA:5,1
DA:7,1
DA:8,9
DA:10,4
DA:11,8
DA:13,2
DA:14,2
DA:15,4
DA:17,4
DA:28,4
DA:30,2
DA:31,2
DA:34,2
DA:35,2
DA:37,2
DA:38,0
DA:43,1
DA:44,3
DA:45,2
DA:46,2
DA:47,5
DA:49,2
DA:50,2
DA:51,3
DA:53,3
DA:63,3
DA:66,2
DA:67,2
DA:68,3
DA:69,2
DA:70,0
DA:71,0
DA:73,2
DA:74,2
DA:77,2
DA:81,2
DA:83,0
DA:84,0
DA:85,0
DA:89,0
DA:91,1
LF:42
LH:35
BRDA:10,0,0,2
BRDA:10,0,1,2
BRDA:37,1,0,0
BRDA:37,1,1,2
BRDA:44,2,0,2
BRDA:44,2,1,1
BRDA:55,3,0,0
BRDA:55,3,1,3
BRDA:56,4,0,0
BRDA:56,4,1,3
BRDA:66,5,0,2
BRDA:66,5,1,0
BRDA:69,6,0,0
BRDA:69,6,1,2
BRF:14
BRH:9
end_of_record
